Arguments: 
  /Users/hisamafahri/.nvm/versions/node/v16.14.0/bin/node /opt/homebrew/Cellar/yarn/1.22.19/libexec/bin/yarn.js init --ts

PATH: 
  /Users/hisamafahri/go/bin:/Users/hisamafahri/.nvm/versions/node/v16.14.0/bin:/opt/homebrew/bin:/usr/local/bin:/Users/hisamafahri/app:/usr/local/bin:/usr/bin:/bin:/usr/sbin:/sbin:/usr/local/MacGPG2/bin:/Library/Apple/usr/bin:/Users/hisamafahri/go/bin:/Users/hisamafahri/.nvm/versions/node/v16.14.0/bin:/opt/homebrew/bin:/Users/hisamafahri/app:/Users/hisamafahri/.cargo/bin:/Users/hisamafahri/Library/Android/sdk/emulator:/Users/hisamafahri/Library/Android/sdk/tools:/Users/hisamafahri/Library/Android/sdk/tools/bin:/Users/hisamafahri/Library/Android/sdk/platform-tools:/Users/hisamafahri/Library/Android/sdk/emulator:/Users/hisamafahri/Library/Android/sdk/tools:/Users/hisamafahri/Library/Android/sdk/tools/bin:/Users/hisamafahri/Library/Android/sdk/platform-tools

Yarn version: 
  1.22.19

Node version: 
  16.14.0

Platform: 
  darwin arm64

Trace: 
  Error: canceled
      at Interface.<anonymous> (/opt/homebrew/Cellar/yarn/1.22.19/libexec/lib/cli.js:137150:13)
      at Interface.emit (node:events:520:28)
      at Interface._ttyWrite (node:readline:1081:16)
      at ReadStream.onkeypress (node:readline:288:10)
      at ReadStream.emit (node:events:520:28)
      at emitKeys (node:internal/readline/utils:358:14)
      at emitKeys.next (<anonymous>)
      at ReadStream.onData (node:internal/readline/emitKeypressEvents:61:36)
      at ReadStream.emit (node:events:520:28)
      at addChunk (node:internal/streams/readable:315:12)

npm manifest: 
  No manifest

yarn manifest: 
  No manifest

Lockfile: 
  No lockfile
